<?xml version="1.0" encoding="UTF-8" standalone="no"?>
<testsuite errors="0" failures="4" name="io.cucumber.core.plugin.JUnitFormatter" skipped="0" tests="16" time="726.958">
<testcase classname="F01_Register | user should able to create new account" name="user register with valid data" time="99.658">
<system-out><![CDATA[Given user navigate to register page........................................passed
And user choose male or female..............................................passed
When user enter valid data..................................................passed
Then user click on register button..........................................passed
And user could register successfully........................................passed
]]></system-out>
</testcase>
<testcase classname="F02_Login | user should be able to login to the system" name="user could login with valid data" time="38.256">
<system-out><![CDATA[Given user navigate to login page...........................................passed
And user enter "nihad@gmail.com" and "nopassword!"..........................passed
And user click on login button..............................................passed
Then user could login successfully and go to home page......................passed
]]></system-out>
</testcase>
<testcase classname="F03_ChangeCurrency | user could switch between currencies [$, €]" name="guest user can switch between currencies" time="37.642">
<system-out><![CDATA[When user select “Euro” from currency dropdown list.........................passed
Then euro is selected successfully..........................................passed
]]></system-out>
</testcase>
<testcase classname="F04_Search | users will be able to search for products with different parameters" name="user could search using product name" time="36.499">
<system-out><![CDATA[Given user click on search bar..............................................passed
When user search for product like "Flower"..................................passed
And user click on search Button.............................................passed
Then user could search successfully and go to search page...................passed
]]></system-out>
</testcase>
<testcase classname="F04_Search | users will be able to search for products with different parameters" name="user search using SKU" time="36.848">
<system-out><![CDATA[Given user click on search bar..............................................passed
When user search for product like "AP_MBP_13"...............................passed
And user click on search Button.............................................passed
Then user could search successfully with SKU................................passed
]]></system-out>
</testcase>
<testcase classname="F04_Search | users will be able to search for products with different parameters" name="user search using invalid product name" time="37.928">
<system-out><![CDATA[Given user click on search bar..............................................passed
When user search for product like "Luc%y"...................................passed
And user click on search Button.............................................passed
Then user could not search..................................................passed
]]></system-out>
</testcase>
<testcase classname="F05_HoverCategories  |  user could hover categories and select sub category" name="user could hover categories" time="60.575">
<system-out><![CDATA[When user hover category and select subcategory.............................passed
And user click on subcategory...............................................passed
Then user go to relative product page.......................................passed
]]></system-out>
</testcase>
<testcase classname="F06_HomeSliders | users will be able to open sliders in home page" name="First slider clickable on homepage" time="40.792">
<failure message="URL after click on First Slide expected [https://demo.nopcommerce.com/nokia-lumia-1020] but found [https://demo.nopcommerce.com/]" type="java.lang.AssertionError"><![CDATA[When clicks on first slider.................................................passed
Then relative product for first slider is displayed.........................failed

StackTrace:
java.lang.AssertionError: URL after click on First Slide expected [https://demo.nopcommerce.com/nokia-lumia-1020] but found [https://demo.nopcommerce.com/]
	at org.testng.Assert.fail(Assert.java:110)
	at org.testng.Assert.failNotEquals(Assert.java:1413)
	at org.testng.Assert.assertEqualsImpl(Assert.java:149)
	at org.testng.Assert.assertEquals(Assert.java:131)
	at org.testng.Assert.assertEquals(Assert.java:655)
	at org.example.StepDefinition.D06_HomeSliders.first_slide_displayed(D06_HomeSliders.java:20)
	at ✽.relative product for first slider is displayed(file:///C:/Users/Metro-PC/Documents/FWD/src/main/resources/features/F06_HomeSliders.feature:6)
]]></failure>
</testcase>
<testcase classname="F06_HomeSliders | users will be able to open sliders in home page" name="Second slider clickable on homepage" time="29.321">
<failure message="URL after click on Second Slide expected [https://demo.nopcommerce.com/iphone-6] but found [https://demo.nopcommerce.com/]" type="java.lang.AssertionError"><![CDATA[When user clicks on second slider...........................................passed
Then relative product for second slider is displayed........................failed

StackTrace:
java.lang.AssertionError: URL after click on Second Slide expected [https://demo.nopcommerce.com/iphone-6] but found [https://demo.nopcommerce.com/]
	at org.testng.Assert.fail(Assert.java:110)
	at org.testng.Assert.failNotEquals(Assert.java:1413)
	at org.testng.Assert.assertEqualsImpl(Assert.java:149)
	at org.testng.Assert.assertEquals(Assert.java:131)
	at org.testng.Assert.assertEquals(Assert.java:655)
	at org.example.StepDefinition.D06_HomeSliders.second_slide_displayed(D06_HomeSliders.java:33)
	at ✽.relative product for second slider is displayed(file:///C:/Users/Metro-PC/Documents/FWD/src/main/resources/features/F06_HomeSliders.feature:11)
]]></failure>
</testcase>
<testcase classname="F07_FollowUs | users could open followUs links" name="user click on facebook link" time="50.864">
<system-out><![CDATA[When user navigate to login page............................................passed
And user enter "nihad@gmail.com" and "nopassword!"..........................passed
Then user click on login button.............................................passed
And user could login successfully and go to home page.......................passed
When user opens facebook link...............................................passed
Then "https://www.facebook.com/nopCommerce" is opened in new tab............passed
]]></system-out>
</testcase>
<testcase classname="F07_FollowUs | users could open followUs links" name="user click on twitter link" time="50.136">
<system-out><![CDATA[When user navigate to login page............................................passed
And user enter "nihad@gmail.com" and "nopassword!"..........................passed
Then user click on login button.............................................passed
And user could login successfully and go to home page.......................passed
When user opens twitter link................................................passed
Then "https://twitter.com/nopCommerce" is opened in new tab.................passed
]]></system-out>
</testcase>
<testcase classname="F07_FollowUs | users could open followUs links" name="user click on rss link" time="63.794">
<failure message="Index: 1, Size: 1" type="java.lang.IndexOutOfBoundsException"><![CDATA[When user navigate to login page............................................passed
And user enter "nihad@gmail.com" and "nopassword!"..........................passed
Then user click on login button.............................................passed
And user could login successfully and go to home page.......................passed
When user opens rss link....................................................passed
Then "https://demo.nopcommerce.com/new-online-store-is-open" is opened in new tab.failed

StackTrace:
java.lang.IndexOutOfBoundsException: Index: 1, Size: 1
	at java.util.ArrayList.rangeCheck(ArrayList.java:659)
	at java.util.ArrayList.get(ArrayList.java:435)
	at org.example.StepDefinition.D07_FollowUsStepDef.opens_new_tab(D07_FollowUsStepDef.java:23)
	at ✽."https://demo.nopcommerce.com/new-online-store-is-open" is opened in new tab(file:///C:/Users/Metro-PC/Documents/FWD/src/main/resources/features/F07_FollowUs.feature:21)
]]></failure>
</testcase>
<testcase classname="F07_FollowUs | users could open followUs links" name="user click on youtube link" time="44.961">
<failure message="no such element: Unable to locate element: {&quot;method&quot;:&quot;css selector&quot;,&quot;selector&quot;:&quot;a[class=&quot;ico-account&quot;]&quot;}&#10;  (Session info: MicrosoftEdge=102.0.1245.44)&#10;For documentation on this error, please visit: https://selenium.dev/exceptions/#no_such_element&#10;Build info: version: '4.2.0', revision: '86eb611648'&#10;System info: host: 'METRO', ip: '192.168.1.130', os.name: 'Windows 8.1', os.arch: 'amd64', os.version: '6.3', java.version: '1.8.0_333'&#10;Driver info: org.openqa.selenium.edge.EdgeDriver&#10;Command: [5f032d982013bec40a886cca4b9551ca, findElement {using=css selector, value=a[class=&quot;ico-account&quot;]}]&#10;Capabilities {acceptInsecureCerts: false, browserName: msedge, browserVersion: 102.0.1245.44, javascriptEnabled: true, ms:edgeOptions: {debuggerAddress: localhost:53935}, msedge: {msedgedriverVersion: 101.0.1210.53 (019dbf6dd738..., userDataDir: C:\Users\Metro-PC\AppData\L...}, networkConnectionEnabled: false, pageLoadStrategy: normal, platform: WINDOWS, platformName: WINDOWS, proxy: Proxy(), se:cdp: ws://localhost:53935/devtoo..., se:cdpVersion: 102.0.1245.44, setWindowRect: true, strictFileInteractability: false, timeouts: {implicit: 0, pageLoad: 300000, script: 30000}, unhandledPromptBehavior: dismiss and notify, webauthn:extension:credBlob: true, webauthn:extension:largeBlob: true, webauthn:virtualAuthenticators: true}&#10;Session ID: 5f032d982013bec40a886cca4b9551ca" type="org.openqa.selenium.NoSuchElementException"><![CDATA[When user navigate to login page............................................passed
And user enter "nihad@gmail.com" and "nopassword!"..........................passed
Then user click on login button.............................................passed
And user could login successfully and go to home page.......................failed
When user opens youtube link................................................skipped
Then "https://www.youtube.com/user/nopCommerce" is opened in new tab........skipped

StackTrace:
org.openqa.selenium.NoSuchElementException: no such element: Unable to locate element: {"method":"css selector","selector":"a[class="ico-account"]"}
  (Session info: MicrosoftEdge=102.0.1245.44)
For documentation on this error, please visit: https://selenium.dev/exceptions/#no_such_element
Build info: version: '4.2.0', revision: '86eb611648'
System info: host: 'METRO', ip: '192.168.1.130', os.name: 'Windows 8.1', os.arch: 'amd64', os.version: '6.3', java.version: '1.8.0_333'
Driver info: org.openqa.selenium.edge.EdgeDriver
Command: [5f032d982013bec40a886cca4b9551ca, findElement {using=css selector, value=a[class="ico-account"]}]
Capabilities {acceptInsecureCerts: false, browserName: msedge, browserVersion: 102.0.1245.44, javascriptEnabled: true, ms:edgeOptions: {debuggerAddress: localhost:53935}, msedge: {msedgedriverVersion: 101.0.1210.53 (019dbf6dd738..., userDataDir: C:\Users\Metro-PC\AppData\L...}, networkConnectionEnabled: false, pageLoadStrategy: normal, platform: WINDOWS, platformName: WINDOWS, proxy: Proxy(), se:cdp: ws://localhost:53935/devtoo..., se:cdpVersion: 102.0.1245.44, setWindowRect: true, strictFileInteractability: false, timeouts: {implicit: 0, pageLoad: 300000, script: 30000}, unhandledPromptBehavior: dismiss and notify, webauthn:extension:credBlob: true, webauthn:extension:largeBlob: true, webauthn:virtualAuthenticators: true}
Session ID: 5f032d982013bec40a886cca4b9551ca
	at sun.reflect.NativeConstructorAccessorImpl.newInstance0(Native Method)
	at sun.reflect.NativeConstructorAccessorImpl.newInstance(NativeConstructorAccessorImpl.java:62)
	at sun.reflect.DelegatingConstructorAccessorImpl.newInstance(DelegatingConstructorAccessorImpl.java:45)
	at java.lang.reflect.Constructor.newInstance(Constructor.java:423)
	at org.openqa.selenium.remote.codec.w3c.W3CHttpResponseCodec.createException(W3CHttpResponseCodec.java:200)
	at org.openqa.selenium.remote.codec.w3c.W3CHttpResponseCodec.decode(W3CHttpResponseCodec.java:133)
	at org.openqa.selenium.remote.codec.w3c.W3CHttpResponseCodec.decode(W3CHttpResponseCodec.java:53)
	at org.openqa.selenium.remote.HttpCommandExecutor.execute(HttpCommandExecutor.java:184)
	at org.openqa.selenium.remote.service.DriverCommandExecutor.invokeExecute(DriverCommandExecutor.java:167)
	at org.openqa.selenium.remote.service.DriverCommandExecutor.execute(DriverCommandExecutor.java:142)
	at org.openqa.selenium.remote.RemoteWebDriver.execute(RemoteWebDriver.java:566)
	at org.openqa.selenium.remote.ElementLocation$ElementFinder$2.findElement(ElementLocation.java:162)
	at org.openqa.selenium.remote.ElementLocation.findElement(ElementLocation.java:60)
	at org.openqa.selenium.remote.RemoteWebDriver.findElement(RemoteWebDriver.java:384)
	at org.openqa.selenium.remote.RemoteWebDriver.findElement(RemoteWebDriver.java:376)
	at org.example.StepDefinition.D02_Login.login_successfully(D02_Login.java:41)
	at ✽.user could login successfully and go to home page(file:///C:/Users/Metro-PC/Documents/FWD/src/main/resources/features/F07_FollowUs.feature:7)
]]></failure>
</testcase>
<testcase classname="F08_WishList  |  guest user could add products to wishlist" name="after adding item to wishlist success message is Displayed" time="25.012">
<system-out><![CDATA[When add item to wishlist...................................................passed
Then wishlist notification success is displayed.............................passed
]]></system-out>
</testcase>
<testcase classname="F08_WishList  |  guest user could add products to wishlist" name="number of wishlist items in home page is increased" time="21.727">
<system-out><![CDATA[When add item to wishlist...................................................passed
Then wishlist notification success is displayed.............................passed
And user get the number of wishlist items after adding item.................passed
Then the number of wishlist increased.......................................passed
]]></system-out>
</testcase>
<testcase classname="F08_WishList  |  guest user could add products to wishlist" name="added items are displayed on wishlist" time="51.373">
<system-out><![CDATA[When add item to wishlist...................................................passed
Then wishlist notification success is displayed.............................passed
And user get the number of wishlist items after adding item.................passed
And user go to wishlist page................................................passed
Then the number of items greater than zero in wishlist page.................passed
]]></system-out>
</testcase>
</testsuite>
